QDBusObjectPath: invalid path ""
couldn't create image from  "/home/diau/overlay.png" 
couldn't create image from  "/home/diau/overlay.png" 
LancelotApplet::init() 
plasma-desktop(11164)/kdecore (KLibrary) kde4Factory: The library "/usr/lib/kde4/solid_hal_power.so" does not offer a qt_plugin_instance function.
plasma-desktop(11164) Solid::Control::ManagerBasePrivate::loadBackend: Backend loaded:  "HAL-Energieverwaltung"
QGraphicsLinearLayout::removeAt: invalid index 0
QGraphicsLinearLayout::removeAt: invalid index 0
Invalid D-BUS interface name 'org.kde.plasma-desktop.PlasmaApp' found while parsing introspection
X Error: BadWindow (invalid Window parameter) 3
  Major opcode: 20 (X_GetProperty)
  Resource id:  0x245519e
X Error: BadWindow (invalid Window parameter) 3
  Major opcode: 20 (X_GetProperty)
  Resource id:  0x245519e
X Error: BadWindow (invalid Window parameter) 3
  Major opcode: 20 (X_GetProperty)
  Resource id:  0x245519e
X Error: BadWindow (invalid Window parameter) 3
  Major opcode: 20 (X_GetProperty)
  Resource id:  0x2458b1c
X Error: BadWindow (invalid Window parameter) 3
  Major opcode: 20 (X_GetProperty)
  Resource id:  0x2458b1c
X Error: BadWindow (invalid Window parameter) 3
  Major opcode: 20 (X_GetProperty)
  Resource id:  0x2458b1c
X Error: BadWindow (invalid Window parameter) 3
  Major opcode: 20 (X_GetProperty)
  Resource id:  0x2459a80
X Error: BadWindow (invalid Window parameter) 3
  Major opcode: 20 (X_GetProperty)
  Resource id:  0x2459a80
X Error: BadWindow (invalid Window parameter) 3
  Major opcode: 20 (X_GetProperty)
  Resource id:  0x24519f4
X Error: BadWindow (invalid Window parameter) 3
  Major opcode: 20 (X_GetProperty)
  Resource id:  0x24519f4
X Error: BadWindow (invalid Window parameter) 3
  Major opcode: 20 (X_GetProperty)
  Resource id:  0x24519f4
X Error: BadWindow (invalid Window parameter) 3
  Major opcode: 20 (X_GetProperty)
  Resource id:  0x2427a8f
X Error: BadWindow (invalid Window parameter) 3
  Major opcode: 20 (X_GetProperty)
  Resource id:  0x2427a8f
X Error: BadWindow (invalid Window parameter) 3
  Major opcode: 20 (X_GetProperty)
  Resource id:  0x2427a8f
X Error: BadWindow (invalid Window parameter) 3
  Major opcode: 20 (X_GetProperty)
  Resource id:  0x242876b
X Error: BadWindow (invalid Window parameter) 3
  Major opcode: 20 (X_GetProperty)
  Resource id:  0x242876b
X Error: BadWindow (invalid Window parameter) 3
  Major opcode: 20 (X_GetProperty)
  Resource id:  0x242876b
X Error: BadWindow (invalid Window parameter) 3
  Major opcode: 20 (X_GetProperty)
  Resource id:  0x242be30
X Error: BadWindow (invalid Window parameter) 3
  Major opcode: 20 (X_GetProperty)
  Resource id:  0x242be30
X Error: BadWindow (invalid Window parameter) 3
  Major opcode: 20 (X_GetProperty)
  Resource id:  0x242be30
X Error: BadWindow (invalid Window parameter) 3
  Major opcode: 20 (X_GetProperty)
  Resource id:  0x2447736
X Error: BadWindow (invalid Window parameter) 3
  Major opcode: 20 (X_GetProperty)
  Resource id:  0x2447736
X Error: BadWindow (invalid Window parameter) 3
  Major opcode: 20 (X_GetProperty)
  Resource id:  0x2447736
X Error: BadWindow (invalid Window parameter) 3
  Major opcode: 20 (X_GetProperty)
  Resource id:  0x2447736
X Error: BadWindow (invalid Window parameter) 3
  Major opcode: 20 (X_GetProperty)
  Resource id:  0x24316b7
X Error: BadWindow (invalid Window parameter) 3
  Major opcode: 20 (X_GetProperty)
  Resource id:  0x24316b7
X Error: BadWindow (invalid Window parameter) 3
  Major opcode: 20 (X_GetProperty)
  Resource id:  0x24316b7
X Error: BadWindow (invalid Window parameter) 3
  Major opcode: 20 (X_GetProperty)
  Resource id:  0x2430c5f
X Error: BadWindow (invalid Window parameter) 3
  Major opcode: 20 (X_GetProperty)
  Resource id:  0x2430c5f
X Error: BadWindow (invalid Window parameter) 3
  Major opcode: 20 (X_GetProperty)
  Resource id:  0x2430c5f
X Error: BadWindow (invalid Window parameter) 3
  Major opcode: 20 (X_GetProperty)
  Resource id:  0x24316ca
X Error: BadWindow (invalid Window parameter) 3
  Major opcode: 20 (X_GetProperty)
  Resource id:  0x24316ca
X Error: BadWindow (invalid Window parameter) 3
  Major opcode: 20 (X_GetProperty)
  Resource id:  0x24316ca
X Error: BadWindow (invalid Window parameter) 3
  Major opcode: 20 (X_GetProperty)
  Resource id:  0x243920e
X Error: BadWindow (invalid Window parameter) 3
  Major opcode: 20 (X_GetProperty)
  Resource id:  0x243920e
X Error: BadWindow (invalid Window parameter) 3
  Major opcode: 20 (X_GetProperty)
  Resource id:  0x2439ce9
X Error: BadWindow (invalid Window parameter) 3
  Major opcode: 20 (X_GetProperty)
  Resource id:  0x2439ce9
X Error: BadWindow (invalid Window parameter) 3
  Major opcode: 20 (X_GetProperty)
  Resource id:  0x2439ce9
X Error: BadWindow (invalid Window parameter) 3
  Major opcode: 20 (X_GetProperty)
  Resource id:  0x243d2ae
X Error: BadWindow (invalid Window parameter) 3
  Major opcode: 20 (X_GetProperty)
  Resource id:  0x243d2ae
X Error: BadWindow (invalid Window parameter) 3
  Major opcode: 20 (X_GetProperty)
  Resource id:  0x243d2ae
X Error: BadWindow (invalid Window parameter) 3
  Major opcode: 20 (X_GetProperty)
  Resource id:  0x243c95f
X Error: BadWindow (invalid Window parameter) 3
  Major opcode: 20 (X_GetProperty)
  Resource id:  0x243c95f
X Error: BadWindow (invalid Window parameter) 3
  Major opcode: 20 (X_GetProperty)
  Resource id:  0x243c95f
X Error: BadWindow (invalid Window parameter) 3
  Major opcode: 20 (X_GetProperty)
  Resource id:  0x243bb4d
X Error: BadWindow (invalid Window parameter) 3
  Major opcode: 20 (X_GetProperty)
  Resource id:  0x243bb4d
X Error: BadWindow (invalid Window parameter) 3
  Major opcode: 20 (X_GetProperty)
  Resource id:  0x2521783
X Error: BadWindow (invalid Window parameter) 3
  Major opcode: 20 (X_GetProperty)
  Resource id:  0x2521783
X Error: BadWindow (invalid Window parameter) 3
  Major opcode: 20 (X_GetProperty)
  Resource id:  0x2521783
X Error: BadWindow (invalid Window parameter) 3
  Major opcode: 20 (X_GetProperty)
  Resource id:  0x24b79f0
X Error: BadWindow (invalid Window parameter) 3
  Major opcode: 20 (X_GetProperty)
  Resource id:  0x24b79f0
X Error: BadWindow (invalid Window parameter) 3
  Major opcode: 20 (X_GetProperty)
  Resource id:  0x25acfd4
X Error: BadWindow (invalid Window parameter) 3
  Major opcode: 20 (X_GetProperty)
  Resource id:  0x25acfd4
X Error: BadWindow (invalid Window parameter) 3
  Major opcode: 20 (X_GetProperty)
  Resource id:  0x25acfd4
X Error: BadWindow (invalid Window parameter) 3
  Major opcode: 20 (X_GetProperty)
  Resource id:  0x25acfd4
X Error: BadWindow (invalid Window parameter) 3
  Major opcode: 20 (X_GetProperty)
  Resource id:  0x25bb867
X Error: BadWindow (invalid Window parameter) 3
  Major opcode: 20 (X_GetProperty)
  Resource id:  0x25bb867
X Error: BadWindow (invalid Window parameter) 3
  Major opcode: 20 (X_GetProperty)
  Resource id:  0x25bb867
X Error: BadWindow (invalid Window parameter) 3
  Major opcode: 20 (X_GetProperty)
  Resource id:  0x100826d
X Error: BadWindow (invalid Window parameter) 3
  Major opcode: 20 (X_GetProperty)
  Resource id:  0x100826d
X Error: BadWindow (invalid Window parameter) 3
  Major opcode: 20 (X_GetProperty)
  Resource id:  0x257749d
X Error: BadWindow (invalid Window parameter) 3
  Major opcode: 20 (X_GetProperty)
  Resource id:  0x257749d
X Error: BadWindow (invalid Window parameter) 3
  Major opcode: 20 (X_GetProperty)
  Resource id:  0x257749d
X Error: BadWindow (invalid Window parameter) 3
  Major opcode: 20 (X_GetProperty)
  Resource id:  0x1014ceb
X Error: BadWindow (invalid Window parameter) 3
  Major opcode: 20 (X_GetProperty)
  Resource id:  0x1014ceb
QPainter::begin: Paint device returned engine == 0, type: 2
QPainter::setRenderHint: Painter must be active to set rendering hints
QPainter::translate: Painter not active
QPainter::rotate: Painter not active
X Error: BadWindow (invalid Window parameter) 3
  Major opcode: 20 (X_GetProperty)
  Resource id:  0x2408bb9
X Error: BadWindow (invalid Window parameter) 3
  Major opcode: 20 (X_GetProperty)
  Resource id:  0x2408bb9
X Error: BadWindow (invalid Window parameter) 3
  Major opcode: 20 (X_GetProperty)
  Resource id:  0x2408bb9
X Error: BadWindow (invalid Window parameter) 3
  Major opcode: 20 (X_GetProperty)
  Resource id:  0x240a343
X Error: BadWindow (invalid Window parameter) 3
  Major opcode: 20 (X_GetProperty)
  Resource id:  0x240a343
X Error: BadWindow (invalid Window parameter) 3
  Major opcode: 20 (X_GetProperty)
  Resource id:  0x5600c86
X Error: BadWindow (invalid Window parameter) 3
  Major opcode: 20 (X_GetProperty)
  Resource id:  0x5600c86
X Error: BadWindow (invalid Window parameter) 3
  Major opcode: 20 (X_GetProperty)
  Resource id:  0x5600258
X Error: BadWindow (invalid Window parameter) 3
  Major opcode: 20 (X_GetProperty)
  Resource id:  0x5600258
X Error: BadWindow (invalid Window parameter) 3
  Major opcode: 20 (X_GetProperty)
  Resource id:  0x5600258
X Error: BadWindow (invalid Window parameter) 3
  Major opcode: 20 (X_GetProperty)
  Resource id:  0x2441360
X Error: BadWindow (invalid Window parameter) 3
  Major opcode: 20 (X_GetProperty)
  Resource id:  0x2441360
X Error: BadWindow (invalid Window parameter) 3
  Major opcode: 20 (X_GetProperty)
  Resource id:  0x2441360
X Error: BadWindow (invalid Window parameter) 3
  Major opcode: 20 (X_GetProperty)
  Resource id:  0x244aeed
X Error: BadWindow (invalid Window parameter) 3
  Major opcode: 20 (X_GetProperty)
  Resource id:  0x244aeed
X Error: BadWindow (invalid Window parameter) 3
  Major opcode: 20 (X_GetProperty)
  Resource id:  0x244aeed
X Error: BadWindow (invalid Window parameter) 3
  Major opcode: 20 (X_GetProperty)
  Resource id:  0x244b91f
X Error: BadWindow (invalid Window parameter) 3
  Major opcode: 20 (X_GetProperty)
  Resource id:  0x244b91f
X Error: BadWindow (invalid Window parameter) 3
  Major opcode: 20 (X_GetProperty)
  Resource id:  0x244b91f
X Error: BadWindow (invalid Window parameter) 3
  Major opcode: 20 (X_GetProperty)
  Resource id:  0x244c2c1
X Error: BadWindow (invalid Window parameter) 3
  Major opcode: 20 (X_GetProperty)
  Resource id:  0x244c2c1
X Error: BadWindow (invalid Window parameter) 3
  Major opcode: 20 (X_GetProperty)
  Resource id:  0x244c2c1
X Error: BadWindow (invalid Window parameter) 3
  Major opcode: 20 (X_GetProperty)
  Resource id:  0x244cb4c
X Error: BadWindow (invalid Window parameter) 3
  Major opcode: 20 (X_GetProperty)
  Resource id:  0x244cb4c
X Error: BadWindow (invalid Window parameter) 3
  Major opcode: 20 (X_GetProperty)
  Resource id:  0x244cb4c
X Error: BadWindow (invalid Window parameter) 3
  Major opcode: 20 (X_GetProperty)
  Resource id:  0x244dd56
X Error: BadWindow (invalid Window parameter) 3
  Major opcode: 20 (X_GetProperty)
  Resource id:  0x244dd56
X Error: BadWindow (invalid Window parameter) 3
  Major opcode: 20 (X_GetProperty)
  Resource id:  0x244dd56
X Error: BadWindow (invalid Window parameter) 3
  Major opcode: 20 (X_GetProperty)
  Resource id:  0x246b349
X Error: BadWindow (invalid Window parameter) 3
  Major opcode: 20 (X_GetProperty)
  Resource id:  0x246b349
X Error: BadWindow (invalid Window parameter) 3
  Major opcode: 20 (X_GetProperty)
  Resource id:  0x246b349
X Error: BadWindow (invalid Window parameter) 3
  Major opcode: 20 (X_GetProperty)
  Resource id:  0x246ce4f
X Error: BadWindow (invalid Window parameter) 3
  Major opcode: 20 (X_GetProperty)
  Resource id:  0x246ce4f
X Error: BadWindow (invalid Window parameter) 3
  Major opcode: 20 (X_GetProperty)
  Resource id:  0x246ce4f
X Error: BadWindow (invalid Window parameter) 3
  Major opcode: 20 (X_GetProperty)
  Resource id:  0x561241a
X Error: BadWindow (invalid Window parameter) 3
  Major opcode: 20 (X_GetProperty)
  Resource id:  0x561241a
X Error: BadWindow (invalid Window parameter) 3
  Major opcode: 20 (X_GetProperty)
  Resource id:  0x561241a
X Error: BadWindow (invalid Window parameter) 3
  Major opcode: 20 (X_GetProperty)
  Resource id:  0x247b0aa
X Error: BadWindow (invalid Window parameter) 3
  Major opcode: 20 (X_GetProperty)
  Resource id:  0x247b0aa
X Error: BadWindow (invalid Window parameter) 3
  Major opcode: 20 (X_GetProperty)
  Resource id:  0x24b28c8
X Error: BadWindow (invalid Window parameter) 3
  Major opcode: 20 (X_GetProperty)
  Resource id:  0x24b28c8
X Error: BadWindow (invalid Window parameter) 3
  Major opcode: 20 (X_GetProperty)
  Resource id:  0x24b28c8
X Error: BadWindow (invalid Window parameter) 3
  Major opcode: 20 (X_GetProperty)
  Resource id:  0x24b2c1d
X Error: BadWindow (invalid Window parameter) 3
  Major opcode: 20 (X_GetProperty)
  Resource id:  0x24b2c1d
X Error: BadWindow (invalid Window parameter) 3
  Major opcode: 20 (X_GetProperty)
  Resource id:  0x24b3d56
X Error: BadWindow (invalid Window parameter) 3
  Major opcode: 20 (X_GetProperty)
  Resource id:  0x24b3d56
X Error: BadWindow (invalid Window parameter) 3
  Major opcode: 20 (X_GetProperty)
  Resource id:  0x24b3d56
X Error: BadWindow (invalid Window parameter) 3
  Major opcode: 20 (X_GetProperty)
  Resource id:  0x560c188
X Error: BadWindow (invalid Window parameter) 3
  Major opcode: 20 (X_GetProperty)
  Resource id:  0x560c188
X Error: BadWindow (invalid Window parameter) 3
  Major opcode: 20 (X_GetProperty)
  Resource id:  0x560c188
X Error: BadWindow (invalid Window parameter) 3
  Major opcode: 20 (X_GetProperty)
  Resource id:  0x24cf18a
X Error: BadWindow (invalid Window parameter) 3
  Major opcode: 20 (X_GetProperty)
  Resource id:  0x24cf18a
X Error: BadWindow (invalid Window parameter) 3
  Major opcode: 20 (X_GetProperty)
  Resource id:  0x24cf18a
X Error: BadWindow (invalid Window parameter) 3
  Major opcode: 20 (X_GetProperty)
  Resource id:  0x25180ed
X Error: BadWindow (invalid Window parameter) 3
  Major opcode: 20 (X_GetProperty)
  Resource id:  0x25180ed
X Error: BadWindow (invalid Window parameter) 3
  Major opcode: 20 (X_GetProperty)
  Resource id:  0x25180ed
X Error: BadWindow (invalid Window parameter) 3
  Major opcode: 20 (X_GetProperty)
  Resource id:  0x2540851
X Error: BadWindow (invalid Window parameter) 3
  Major opcode: 20 (X_GetProperty)
  Resource id:  0x2540851
X Error: BadWindow (invalid Window parameter) 3
  Major opcode: 20 (X_GetProperty)
  Resource id:  0x2540851
X Error: BadWindow (invalid Window parameter) 3
  Major opcode: 20 (X_GetProperty)
  Resource id:  0x2541cf1
X Error: BadWindow (invalid Window parameter) 3
  Major opcode: 20 (X_GetProperty)
  Resource id:  0x25539f6
X Error: BadWindow (invalid Window parameter) 3
  Major opcode: 20 (X_GetProperty)
  Resource id:  0x25539f6
X Error: BadWindow (invalid Window parameter) 3
  Major opcode: 20 (X_GetProperty)
  Resource id:  0x25539f6
X Error: BadWindow (invalid Window parameter) 3
  Major opcode: 20 (X_GetProperty)
  Resource id:  0x25539f6
X Error: BadWindow (invalid Window parameter) 3
  Major opcode: 20 (X_GetProperty)
  Resource id:  0x2593f52
X Error: BadWindow (invalid Window parameter) 3
  Major opcode: 20 (X_GetProperty)
  Resource id:  0x2593f52
X Error: BadWindow (invalid Window parameter) 3
  Major opcode: 20 (X_GetProperty)
  Resource id:  0x2593f52
X Error: BadWindow (invalid Window parameter) 3
  Major opcode: 20 (X_GetProperty)
  Resource id:  0x259da6b
X Error: BadWindow (invalid Window parameter) 3
  Major opcode: 20 (X_GetProperty)
  Resource id:  0x259da6b
X Error: BadWindow (invalid Window parameter) 3
  Major opcode: 20 (X_GetProperty)
  Resource id:  0x259da6b
X Error: BadWindow (invalid Window parameter) 3
  Major opcode: 20 (X_GetProperty)
  Resource id:  0x5600034
X Error: BadWindow (invalid Window parameter) 3
  Major opcode: 20 (X_GetProperty)
  Resource id:  0x5600034
X Error: BadWindow (invalid Window parameter) 3
  Major opcode: 20 (X_GetProperty)
  Resource id:  0x5600034
X Error: BadWindow (invalid Window parameter) 3
  Major opcode: 20 (X_GetProperty)
  Resource id:  0x5601add
X Error: BadWindow (invalid Window parameter) 3
  Major opcode: 20 (X_GetProperty)
  Resource id:  0x5601add
X Error: BadWindow (invalid Window parameter) 3
  Major opcode: 20 (X_GetProperty)
  Resource id:  0x5601add
